Determining if the pthread_create exist failed with the following output:
Change Dir: /home/workspace/CppND-Route-Planning-Project/src/CMakeFiles/CMakeTmp

Run Build Command:"/usr/bin/make" "cmTC_09582/fast"
/usr/bin/make -f CMakeFiles/cmTC_09582.dir/build.make CMakeFiles/cmTC_09582.dir/build
make[1]: Entering directory '/home/workspace/CppND-Route-Planning-Project/src/CMakeFiles/CMakeTmp'
Building C object CMakeFiles/cmTC_09582.dir/CheckSymbolExists.c.o
/usr/bin/cc    -o CMakeFiles/cmTC_09582.dir/CheckSymbolExists.c.o   -c /home/workspace/CppND-Route-Planning-Project/src/CMakeFiles/CMakeTmp/CheckSymbolExists.c
Linking C executable cmTC_09582
/usr/local/bin/cmake -E cmake_link_script CMakeFiles/cmTC_09582.dir/link.txt --verbose=1
/usr/bin/cc      -rdynamic CMakeFiles/cmTC_09582.dir/CheckSymbolExists.c.o  -o cmTC_09582 
CMakeFiles/cmTC_09582.dir/CheckSymbolExists.c.o: In function `main':
CheckSymbolExists.c:(.text+0x16): undefined reference to `pthread_create'
collect2: error: ld returned 1 exit status
CMakeFiles/cmTC_09582.dir/build.make:86: recipe for target 'cmTC_09582' failed
make[1]: *** [cmTC_09582] Error 1
make[1]: Leaving directory '/home/workspace/CppND-Route-Planning-Project/src/CMakeFiles/CMakeTmp'
Makefile:121: recipe for target 'cmTC_09582/fast' failed
make: *** [cmTC_09582/fast] Error 2

File /home/workspace/CppND-Route-Planning-Project/src/CMakeFiles/CMakeTmp/CheckSymbolExists.c:
/* */
#include <pthread.h>

int main(int argc, char** argv)
{
  (void)argv;
#ifndef pthread_create
  return ((int*)(&pthread_create))[argc];
#else
  (void)argc;
  return 0;
#endif
}

Determining if the function pthread_create exists in the pthreads failed with the following output:
Change Dir: /home/workspace/CppND-Route-Planning-Project/src/CMakeFiles/CMakeTmp

Run Build Command:"/usr/bin/make" "cmTC_6c92a/fast"
/usr/bin/make -f CMakeFiles/cmTC_6c92a.dir/build.make CMakeFiles/cmTC_6c92a.dir/build
make[1]: Entering directory '/home/workspace/CppND-Route-Planning-Project/src/CMakeFiles/CMakeTmp'
Building C object CMakeFiles/cmTC_6c92a.dir/CheckFunctionExists.c.o
/usr/bin/cc   -DCHECK_FUNCTION_EXISTS=pthread_create   -o CMakeFiles/cmTC_6c92a.dir/CheckFunctionExists.c.o   -c /usr/local/share/cmake-3.13/Modules/CheckFunctionExists.c
Linking C executable cmTC_6c92a
/usr/local/bin/cmake -E cmake_link_script CMakeFiles/cmTC_6c92a.dir/link.txt --verbose=1
/usr/bin/cc  -DCHECK_FUNCTION_EXISTS=pthread_create    -rdynamic CMakeFiles/cmTC_6c92a.dir/CheckFunctionExists.c.o  -o cmTC_6c92a -lpthreads 
/usr/bin/ld: cannot find -lpthreads
collect2: error: ld returned 1 exit status
CMakeFiles/cmTC_6c92a.dir/build.make:86: recipe for target 'cmTC_6c92a' failed
make[1]: *** [cmTC_6c92a] Error 1
make[1]: Leaving directory '/home/workspace/CppND-Route-Planning-Project/src/CMakeFiles/CMakeTmp'
Makefile:121: recipe for target 'cmTC_6c92a/fast' failed
make: *** [cmTC_6c92a/fast] Error 2


